-------------------------------------------------------------------------------
Test set: ru.yandex.practicum.filmorate.FilmorateApplicationTests
-------------------------------------------------------------------------------
Tests run: 1, Failures: 0, Errors: 1, Skipped: 0, Time elapsed: 1.713 s <<< FAILURE! - in ru.yandex.practicum.filmorate.FilmorateApplicationTests
contextLoads  Time elapsed: 0.009 s  <<< ERROR!
java.lang.IllegalStateException: Failed to load ApplicationContext
Caused by: org.springframework.beans.factory.UnsatisfiedDependencyException: Error creating bean with name 'filmController' defined in file [C:\Users\oleg2\IdeaProjects\java-filmorate-main\target\classes\ru\yandex\practicum\filmorate\controller\FilmController.class]: Unsatisfied dependency expressed through constructor parameter 0; nested exception is org.springframework.beans.factory.UnsatisfiedDependencyException: Error creating bean with name 'filmService' defined in file [C:\Users\oleg2\IdeaProjects\java-filmorate-main\target\classes\ru\yandex\practicum\filmorate\service\FilmService.class]: Unsatisfied dependency expressed through constructor parameter 0; nested exception is org.springframework.beans.factory.UnsatisfiedDependencyException: Error creating bean with name 'filmDbStorage' defined in file [C:\Users\oleg2\IdeaProjects\java-filmorate-main\target\classes\ru\yandex\practicum\filmorate\storage\db\FilmDbStorage.class]: Unsatisfied dependency expressed through constructor parameter 0; nested exception is org.springframework.beans.factory.BeanCreationException: Error creating bean with name 'dataSourceScriptDatabaseInitializer' defined in class path resource [org/springframework/boot/autoconfigure/sql/init/DataSourceInitializationConfiguration.class]: Invocation of init method failed; nested exception is org.springframework.jdbc.datasource.init.UncategorizedScriptException: Failed to execute database script from resource [URL [file:/C:/Users/oleg2/IdeaProjects/java-filmorate-main/target/classes/data.sql]]; nested exception is java.lang.IllegalArgumentException: 'script' must not be null or empty
Caused by: org.springframework.beans.factory.UnsatisfiedDependencyException: Error creating bean with name 'filmService' defined in file [C:\Users\oleg2\IdeaProjects\java-filmorate-main\target\classes\ru\yandex\practicum\filmorate\service\FilmService.class]: Unsatisfied dependency expressed through constructor parameter 0; nested exception is org.springframework.beans.factory.UnsatisfiedDependencyException: Error creating bean with name 'filmDbStorage' defined in file [C:\Users\oleg2\IdeaProjects\java-filmorate-main\target\classes\ru\yandex\practicum\filmorate\storage\db\FilmDbStorage.class]: Unsatisfied dependency expressed through constructor parameter 0; nested exception is org.springframework.beans.factory.BeanCreationException: Error creating bean with name 'dataSourceScriptDatabaseInitializer' defined in class path resource [org/springframework/boot/autoconfigure/sql/init/DataSourceInitializationConfiguration.class]: Invocation of init method failed; nested exception is org.springframework.jdbc.datasource.init.UncategorizedScriptException: Failed to execute database script from resource [URL [file:/C:/Users/oleg2/IdeaProjects/java-filmorate-main/target/classes/data.sql]]; nested exception is java.lang.IllegalArgumentException: 'script' must not be null or empty
Caused by: org.springframework.beans.factory.UnsatisfiedDependencyException: Error creating bean with name 'filmDbStorage' defined in file [C:\Users\oleg2\IdeaProjects\java-filmorate-main\target\classes\ru\yandex\practicum\filmorate\storage\db\FilmDbStorage.class]: Unsatisfied dependency expressed through constructor parameter 0; nested exception is org.springframework.beans.factory.BeanCreationException: Error creating bean with name 'dataSourceScriptDatabaseInitializer' defined in class path resource [org/springframework/boot/autoconfigure/sql/init/DataSourceInitializationConfiguration.class]: Invocation of init method failed; nested exception is org.springframework.jdbc.datasource.init.UncategorizedScriptException: Failed to execute database script from resource [URL [file:/C:/Users/oleg2/IdeaProjects/java-filmorate-main/target/classes/data.sql]]; nested exception is java.lang.IllegalArgumentException: 'script' must not be null or empty
Caused by: org.springframework.beans.factory.BeanCreationException: Error creating bean with name 'dataSourceScriptDatabaseInitializer' defined in class path resource [org/springframework/boot/autoconfigure/sql/init/DataSourceInitializationConfiguration.class]: Invocation of init method failed; nested exception is org.springframework.jdbc.datasource.init.UncategorizedScriptException: Failed to execute database script from resource [URL [file:/C:/Users/oleg2/IdeaProjects/java-filmorate-main/target/classes/data.sql]]; nested exception is java.lang.IllegalArgumentException: 'script' must not be null or empty
Caused by: org.springframework.jdbc.datasource.init.UncategorizedScriptException: Failed to execute database script from resource [URL [file:/C:/Users/oleg2/IdeaProjects/java-filmorate-main/target/classes/data.sql]]; nested exception is java.lang.IllegalArgumentException: 'script' must not be null or empty
Caused by: java.lang.IllegalArgumentException: 'script' must not be null or empty

